# JRE version: OpenJDK Runtime Environment (16.0.1+9) (build 16.0.1+9-24)
# Java VM: OpenJDK 64-Bit Server VM (16.0.1+9-24, mixed mode, tiered, compressed oops, compressed class ptrs, g1 gc, windows-amd64)
GC Precious Log:
 CPUs: 4 total, 4 available
 Memory: 3983M
 Large Page Support: Disabled
 NUMA Support: Disabled
 Compressed Oops: Enabled (32-bit)
 Heap Region Size: 1M
 Heap Min Capacity: 8M
 Heap Initial Capacity: 64M
 Heap Max Capacity: 996M
 Pre-touch: Disabled
 Parallel Workers: 4
 Concurrent Workers: 1
 Concurrent Refinement Workers: 4
 Periodic GC: Disabled
Heap:
 garbage-first heap   total 89088K, used 33315K [0x00000000c1c00000, 0x0000000100000000)
  region size 1024K, 3 young (3072K), 3 survivors (3072K)
 Metaspace       used 90087K, committed 90688K, reserved 1130496K
  class space    used 11712K, committed 12032K, reserved 1048576K
GC Heap History (20 events):
Event: 12294.803 GC heap after
{Heap after GC invocations=388 (full 1):
 garbage-first heap   total 89088K, used 28786K [0x00000000c1c00000, 0x0000000100000000)
  region size 1024K, 4 young (4096K), 4 survivors (4096K)
 Metaspace       used 82418K, committed 83456K, reserved 1122304K
  class space    used 10694K, committed 11072K, reserved 1048576K
}
Event: 12295.531 GC heap before
{Heap before GC invocations=388 (full 1):
 garbage-first heap   total 89088K, used 72818K [0x00000000c1c00000, 0x0000000100000000)
  region size 1024K, 48 young (49152K), 4 survivors (4096K)
 Metaspace       used 82482K, committed 83456K, reserved 1122304K
  class space    used 10703K, committed 11072K, reserved 1048576K
}
Event: 12295.560 GC heap after
{Heap after GC invocations=389 (full 1):
 garbage-first heap   total 89088K, used 29435K [0x00000000c1c00000, 0x0000000100000000)
  region size 1024K, 1 young (1024K), 1 survivors (1024K)
 Metaspace       used 82482K, committed 83456K, reserved 1122304K
  class space    used 10703K, committed 11072K, reserved 1048576K
}
Event: 12296.881 GC heap before
{Heap before GC invocations=389 (full 1):
 garbage-first heap   total 89088K, used 73467K [0x00000000c1c00000, 0x0000000100000000)
  region size 1024K, 45 young (46080K), 1 survivors (1024K)
 Metaspace       used 85872K, committed 86464K, reserved 1130496K
  class space    used 11050K, committed 11328K, reserved 1048576K
}
Event: 12296.885 GC heap after
{Heap after GC invocations=390 (full 1):
 garbage-first heap   total 89088K, used 30064K [0x00000000c1c00000, 0x0000000100000000)
  region size 1024K, 2 young (2048K), 2 survivors (2048K)
 Metaspace       used 85872K, committed 86464K, reserved 1130496K
  class space    used 11050K, committed 11328K, reserved 1048576K
}
Event: 12442.860 GC heap before
{Heap before GC invocations=390 (full 1):
 garbage-first heap   total 89088K, used 72048K [0x00000000c1c00000, 0x0000000100000000)
  region size 1024K, 44 young (45056K), 2 survivors (2048K)
 Metaspace       used 89408K, committed 89920K, reserved 1130496K
  class space    used 11638K, committed 11904K, reserved 1048576K
}
Event: 12443.020 GC heap after
{Heap after GC invocations=391 (full 1):
 garbage-first heap   total 89088K, used 31539K [0x00000000c1c00000, 0x0000000100000000)
  region size 1024K, 3 young (3072K), 3 survivors (3072K)
 Metaspace       used 89408K, committed 89920K, reserved 1130496K
  class space    used 11638K, committed 11904K, reserved 1048576K
}
Event: 12445.290 GC heap before
{Heap before GC invocations=391 (full 1):
 garbage-first heap   total 89088K, used 72499K [0x00000000c1c00000, 0x0000000100000000)
  region size 1024K, 44 young (45056K), 3 survivors (3072K)
 Metaspace       used 89542K, committed 90048K, reserved 1130496K
  class space    used 11657K, committed 11904K, reserved 1048576K
}
Event: 12445.310 GC heap after
{Heap after GC invocations=392 (full 1):
 garbage-first heap   total 89088K, used 33704K [0x00000000c1c00000, 0x0000000100000000)
  region size 1024K, 5 young (5120K), 5 survivors (5120K)
 Metaspace       used 89542K, committed 90048K, reserved 1130496K
  class space    used 11657K, committed 11904K, reserved 1048576K
}
Event: 12445.887 GC heap before
{Heap before GC invocations=392 (full 1):
 garbage-first heap   total 89088K, used 71592K [0x00000000c1c00000, 0x0000000100000000)
  region size 1024K, 43 young (44032K), 5 survivors (5120K)
 Metaspace       used 89559K, committed 90048K, reserved 1130496K
  class space    used 11660K, committed 11904K, reserved 1048576K
}
Event: 12445.962 GC heap after
{Heap after GC invocations=393 (full 1):
 garbage-first heap   total 89088K, used 34212K [0x00000000c1c00000, 0x0000000100000000)
  region size 1024K, 3 young (3072K), 3 survivors (3072K)
 Metaspace       used 89559K, committed 90048K, reserved 1130496K
  class space    used 11660K, committed 11904K, reserved 1048576K
}
Event: 12447.422 GC heap before
{Heap before GC invocations=393 (full 1):
 garbage-first heap   total 89088K, used 73124K [0x00000000c1c00000, 0x0000000100000000)
  region size 1024K, 41 young (41984K), 3 survivors (3072K)
 Metaspace       used 89858K, committed 90432K, reserved 1130496K
  class space    used 11685K, committed 11968K, reserved 1048576K
}
Event: 12447.430 GC heap after
{Heap after GC invocations=394 (full 1):
 garbage-first heap   total 89088K, used 35875K [0x00000000c1c00000, 0x0000000100000000)
  region size 1024K, 5 young (5120K), 5 survivors (5120K)
 Metaspace       used 89858K, committed 90432K, reserved 1130496K
  class space    used 11685K, committed 11968K, reserved 1048576K
}
Event: 12548.962 GC heap before
{Heap before GC invocations=394 (full 1):
 garbage-first heap   total 89088K, used 71715K [0x00000000c1c00000, 0x0000000100000000)
  region size 1024K, 40 young (40960K), 5 survivors (5120K)
 Metaspace       used 89992K, committed 90560K, reserved 1130496K
  class space    used 11699K, committed 11968K, reserved 1048576K
}
Event: 12549.012 GC heap after
{Heap after GC invocations=395 (full 1):
 garbage-first heap   total 89088K, used 37743K [0x00000000c1c00000, 0x0000000100000000)
  region size 1024K, 5 young (5120K), 5 survivors (5120K)
 Metaspace       used 89992K, committed 90560K, reserved 1130496K
  class space    used 11699K, committed 11968K, reserved 1048576K
}
Event: 12784.677 GC heap before
{Heap before GC invocations=395 (full 1):
 garbage-first heap   total 89088K, used 71535K [0x00000000c1c00000, 0x0000000100000000)
  region size 1024K, 38 young (38912K), 5 survivors (5120K)
 Metaspace       used 89992K, committed 90560K, reserved 1130496K
  class space    used 11699K, committed 11968K, reserved 1048576K
}
Event: 12784.800 GC heap after
{Heap after GC invocations=396 (full 1):
 garbage-first heap   total 89088K, used 38098K [0x00000000c1c00000, 0x0000000100000000)
  region size 1024K, 3 young (3072K), 3 survivors (3072K)
 Metaspace       used 89992K, committed 90560K, reserved 1130496K
  class space    used 11699K, committed 11968K, reserved 1048576K
}
Event: 12833.569 GC heap before
{Heap before GC invocations=396 (full 1):
 garbage-first heap   total 89088K, used 46290K [0x00000000c1c00000, 0x0000000100000000)
  region size 1024K, 12 young (12288K), 3 survivors (3072K)
 Metaspace       used 89999K, committed 90560K, reserved 1130496K
  class space    used 11700K, committed 11968K, reserved 1048576K
}
Event: 12836.067 GC heap after
{Heap after GC invocations=397 (full 2):
 garbage-first heap   total 89088K, used 30414K [0x00000000c1c00000, 0x0000000100000000)
  region size 1024K, 0 young (0K), 0 survivors (0K)
 Metaspace       used 89944K, committed 90560K, reserved 1130496K
  class space    used 11689K, committed 11968K, reserved 1048576K
}
Event: 12838.512 GC heap before
{Heap before GC invocations=397 (full 2):
 garbage-first heap   total 89088K, used 72398K [0x00000000c1c00000, 0x0000000100000000)
  region size 1024K, 42 young (43008K), 0 survivors (0K)
 Metaspace       used 90087K, committed 90688K, reserved 1130496K
  class space    used 11712K, committed 12032K, reserved 1048576K
}

